Drill report for Lars-10W-RGBW-V1.kicad_pcb
Created on 2025-12-29T13:59:21+0100

Copper Layer Stackup:
    =============================================================
    L1 :  F.Cu                      front
    L2 :  In1.Cu                    in1
    L3 :  In2.Cu                    in2
    L4 :  B.Cu                      back


Drill file 'Lars-10W-RGBW-V1-PTH.drl' contains
    plated through holes:
    =============================================================
    T1  0.150mm  0.0059"  (177 holes)
    T2  0.200mm  0.0079"  (21 holes)
    T3  0.300mm  0.0118"  (244 holes)
    T4  0.300mm  0.0118"  (1 hole)
    T5  0.600mm  0.0236"  (1 hole)
    T6  0.600mm  0.0236"  (4 holes)  (with 4 slots)
    T7  1.200mm  0.0472"  (2 holes)

    Total plated holes count 450


Drill file 'Lars-10W-RGBW-V1-NPTH.drl' contains
    unplated through holes:
    =============================================================
    T1  0.650mm  0.0256"  (2 holes)

    Total unplated holes count 2
